<?xml version="1.0" encoding="UTF-8"?>
  <testsuite name="Main Test Suite" tests="2" failures="1" errors="0" time="0">
      <testcase name="[file-system-api.controller] Test GetFolders GetFolders with return no error Should return message with status 200" classname="Main Test Suite" time="0.000319387">
          <failure type="Panic">/Users/haonguyen/Documents/Gianty/Projects/Gambaru/my-github/virtual-file-system/file-system-api/tests/file-system_test.go:21&#xA;Test Panicked&#xA;/usr/local/go/src/runtime/panic.go:221&#xA;&#xA;Panic: runtime error: invalid memory address or nil pointer dereference&#xA;&#xA;Full stack:&#xA;gorm.io/gorm.(*DB).getInstance(0x1f68108)&#xA;&#x9;/Users/haonguyen/go/pkg/mod/gorm.io/gorm@v1.23.6/gorm.go:363 +0x18&#xA;gorm.io/gorm.(*DB).Find(0xc000680000, {0x16b3120, 0xc00000e078}, {0x0, 0x0, 0x0})&#xA;&#x9;/Users/haonguyen/go/pkg/mod/gorm.io/gorm@v1.23.6/finisher_api.go:163 +0x45&#xA;file-system-api/controllers/v1.GetFolders(0x18c1860)&#xA;&#x9;/Users/haonguyen/Documents/Gianty/Projects/Gambaru/my-github/virtual-file-system/file-system-api/controllers/v1/folder.controller.go:25 +0x105&#xA;file-system-api/tests_test.glob..func1.1.1.1()&#xA;&#x9;/Users/haonguyen/Documents/Gianty/Projects/Gambaru/my-github/virtual-file-system/file-system-api/tests/file-system_test.go:35 +0x14f&#xA;github.com/onsi/ginkgo/internal/leafnodes.(*runner).runSync(0x8)&#xA;&#x9;/Users/haonguyen/go/pkg/mod/github.com/onsi/ginkgo@v1.16.5/internal/leafnodes/runner.go:113 +0xba&#xA;github.com/onsi/ginkgo/internal/leafnodes.(*runner).run(0x10df715)&#xA;&#x9;/Users/haonguyen/go/pkg/mod/github.com/onsi/ginkgo@v1.16.5/internal/leafnodes/runner.go:64 +0x125&#xA;github.com/onsi/ginkgo/internal/leafnodes.(*ItNode).Run(0x203000)&#xA;&#x9;/Users/haonguyen/go/pkg/mod/github.com/onsi/ginkgo@v1.16.5/internal/leafnodes/it_node.go:26 +0x7b&#xA;github.com/onsi/ginkgo/internal/spec.(*Spec).runSample(0xc0005f2000, 0xc0005dda00, {0x18b3ac0, 0xc0003a0980})&#xA;&#x9;/Users/haonguyen/go/pkg/mod/github.com/onsi/ginkgo@v1.16.5/internal/spec/spec.go:215 +0x2a9&#xA;github.com/onsi/ginkgo/internal/spec.(*Spec).Run(0xc0005f2000, {0x18b3ac0, 0xc0003a0980})&#xA;&#x9;/Users/haonguyen/go/pkg/mod/github.com/onsi/ginkgo@v1.16.5/internal/spec/spec.go:138 +0xe7&#xA;github.com/onsi/ginkgo/internal/specrunner.(*SpecRunner).runSpec(0xc00059e580, 0xc0005f2000)&#xA;&#x9;/Users/haonguyen/go/pkg/mod/github.com/onsi/ginkgo@v1.16.5/internal/specrunner/spec_runner.go:200 +0xe5&#xA;github.com/onsi/ginkgo/internal/specrunner.(*SpecRunner).runSpecs(0xc00059e580)&#xA;&#x9;/Users/haonguyen/go/pkg/mod/github.com/onsi/ginkgo@v1.16.5/internal/specrunner/spec_runner.go:170 +0x1a5&#xA;github.com/onsi/ginkgo/internal/specrunner.(*SpecRunner).Run(0xc00059e580)&#xA;&#x9;/Users/haonguyen/go/pkg/mod/github.com/onsi/ginkgo@v1.16.5/internal/specrunner/spec_runner.go:66 +0xc5&#xA;github.com/onsi/ginkgo/internal/suite.(*Suite).Run(0xc0001d8690, {0x7c99d98, 0xc000582d00}, {0x17c56fd, 0xf}, {0xc0002ec2e0, 0x2, 0x2}, {0x18cc898, 0xc0003a0980}, ...)&#xA;&#x9;/Users/haonguyen/go/pkg/mod/github.com/onsi/ginkgo@v1.16.5/internal/suite/suite.go:79 +0x4d2&#xA;github.com/onsi/ginkgo.runSpecsWithCustomReporters({0x18b43e0, 0xc000582d00}, {0x17c56fd, 0xf}, {0xc0002ec2c0, 0x2, 0x17ccf8a})&#xA;&#x9;/Users/haonguyen/go/pkg/mod/github.com/onsi/ginkgo@v1.16.5/ginkgo_dsl.go:245 +0x185&#xA;github.com/onsi/ginkgo.RunSpecsWithDefaultAndCustomReporters({0x18b43e0, 0xc000582d00}, {0x17c56fd, 0xf}, {0xc000547f50, 0x1, 0x1})&#xA;&#x9;/Users/haonguyen/go/pkg/mod/github.com/onsi/ginkgo@v1.16.5/ginkgo_dsl.go:228 +0x1be&#xA;file-system-api/tests_test.TestTests(0x0)&#xA;&#x9;/Users/haonguyen/Documents/Gianty/Projects/Gambaru/my-github/virtual-file-system/file-system-api/tests/tests_suite_test.go:14 +0x8b&#xA;testing.tRunner(0xc000582d00, 0x17f64b0)&#xA;&#x9;/usr/local/go/src/testing/testing.go:1259 +0x102&#xA;created by testing.(*T).Run&#xA;&#x9;/usr/local/go/src/testing/testing.go:1306 +0x35a</failure>
      </testcase>
      <testcase name="[file-system-api.controller] Test GetFolders GetFolders with return error Should return message with status 500" classname="Main Test Suite" time="0.000189027"></testcase>
  </testsuite>